-------------------------------------------------------------------------------
Test set: fr.takima.training.sampleapplication.IT.DepartmentControllerTestIT
-------------------------------------------------------------------------------
Tests run: 6, Failures: 0, Errors: 6, Skipped: 0, Time elapsed: 0.471 s <<< FAILURE! - in fr.takima.training.sampleapplication.IT.DepartmentControllerTestIT
testGetDepartmentStudentsByName  Time elapsed: 0.005 s  <<< ERROR!
java.lang.IllegalStateException: Failed to load ApplicationContext
Caused by: org.yaml.snakeyaml.constructor.DuplicateKeyException: 
while constructing a mapping
 in 'reader', line 4, column 7:
          hibernate:
          ^
found duplicate key hibernate
 in 'reader', line 6, column 7:
          hibernate:
          ^


testGetDepartmentCountByName  Time elapsed: 0 s  <<< ERROR!
java.lang.IllegalStateException: Failed to load ApplicationContext
Caused by: org.yaml.snakeyaml.constructor.DuplicateKeyException: 
while constructing a mapping
 in 'reader', line 4, column 7:
          hibernate:
          ^
found duplicate key hibernate
 in 'reader', line 6, column 7:
          hibernate:
          ^


testGetNonExistingDepartmentStudentsByName  Time elapsed: 0 s  <<< ERROR!
java.lang.IllegalStateException: Failed to load ApplicationContext
Caused by: org.yaml.snakeyaml.constructor.DuplicateKeyException: 
while constructing a mapping
 in 'reader', line 4, column 7:
          hibernate:
          ^
found duplicate key hibernate
 in 'reader', line 6, column 7:
          hibernate:
          ^


testGetNonExistingDepartmentCountsByName  Time elapsed: 0 s  <<< ERROR!
java.lang.IllegalStateException: Failed to load ApplicationContext
Caused by: org.yaml.snakeyaml.constructor.DuplicateKeyException: 
while constructing a mapping
 in 'reader', line 4, column 7:
          hibernate:
          ^
found duplicate key hibernate
 in 'reader', line 6, column 7:
          hibernate:
          ^


testGetNonExistingDepartmentByName  Time elapsed: 0 s  <<< ERROR!
java.lang.IllegalStateException: Failed to load ApplicationContext
Caused by: org.yaml.snakeyaml.constructor.DuplicateKeyException: 
while constructing a mapping
 in 'reader', line 4, column 7:
          hibernate:
          ^
found duplicate key hibernate
 in 'reader', line 6, column 7:
          hibernate:
          ^


testGetDepartmentByName  Time elapsed: 0 s  <<< ERROR!
java.lang.IllegalStateException: Failed to load ApplicationContext
Caused by: org.yaml.snakeyaml.constructor.DuplicateKeyException: 
while constructing a mapping
 in 'reader', line 4, column 7:
          hibernate:
          ^
found duplicate key hibernate
 in 'reader', line 6, column 7:
          hibernate:
          ^


