-------------------------------------------------------------------------------
Test set: fr.takima.training.sampleapplication.IT.StudentControllerTestIT
-------------------------------------------------------------------------------
Tests run: 7, Failures: 0, Errors: 7, Skipped: 0, Time elapsed: 0.045 s <<< FAILURE! - in fr.takima.training.sampleapplication.IT.StudentControllerTestIT
testPostStudent  Time elapsed: 0.001 s  <<< ERROR!
java.lang.IllegalStateException: Failed to load ApplicationContext
Caused by: org.yaml.snakeyaml.constructor.DuplicateKeyException: 
while constructing a mapping
 in 'reader', line 4, column 7:
          hibernate:
          ^
found duplicate key hibernate
 in 'reader', line 6, column 7:
          hibernate:
          ^


testUpdateStudent  Time elapsed: 0 s  <<< ERROR!
java.lang.IllegalStateException: Failed to load ApplicationContext
Caused by: org.yaml.snakeyaml.constructor.DuplicateKeyException: 
while constructing a mapping
 in 'reader', line 4, column 7:
          hibernate:
          ^
found duplicate key hibernate
 in 'reader', line 6, column 7:
          hibernate:
          ^


testPostStudentWithoutDepartment  Time elapsed: 0 s  <<< ERROR!
java.lang.IllegalStateException: Failed to load ApplicationContext
Caused by: org.yaml.snakeyaml.constructor.DuplicateKeyException: 
while constructing a mapping
 in 'reader', line 4, column 7:
          hibernate:
          ^
found duplicate key hibernate
 in 'reader', line 6, column 7:
          hibernate:
          ^


testGetNonExistingStudentById  Time elapsed: 0.001 s  <<< ERROR!
java.lang.IllegalStateException: Failed to load ApplicationContext
Caused by: org.yaml.snakeyaml.constructor.DuplicateKeyException: 
while constructing a mapping
 in 'reader', line 4, column 7:
          hibernate:
          ^
found duplicate key hibernate
 in 'reader', line 6, column 7:
          hibernate:
          ^


testPostStudentWithoutLastName  Time elapsed: 0 s  <<< ERROR!
java.lang.IllegalStateException: Failed to load ApplicationContext
Caused by: org.yaml.snakeyaml.constructor.DuplicateKeyException: 
while constructing a mapping
 in 'reader', line 4, column 7:
          hibernate:
          ^
found duplicate key hibernate
 in 'reader', line 6, column 7:
          hibernate:
          ^


testDeleteStudent  Time elapsed: 0 s  <<< ERROR!
java.lang.IllegalStateException: Failed to load ApplicationContext
Caused by: org.yaml.snakeyaml.constructor.DuplicateKeyException: 
while constructing a mapping
 in 'reader', line 4, column 7:
          hibernate:
          ^
found duplicate key hibernate
 in 'reader', line 6, column 7:
          hibernate:
          ^


testGetStudentById  Time elapsed: 0 s  <<< ERROR!
java.lang.IllegalStateException: Failed to load ApplicationContext
Caused by: org.yaml.snakeyaml.constructor.DuplicateKeyException: 
while constructing a mapping
 in 'reader', line 4, column 7:
          hibernate:
          ^
found duplicate key hibernate
 in 'reader', line 6, column 7:
          hibernate:
          ^


